<?xml version="1.0" encoding="UTF-8"?>
<testsuite xmlns:xsi="http://www.w3.org/2001/XMLSchema-instance" xsi:noNamespaceSchemaLocation="https://maven.apache.org/surefire/maven-surefire-plugin/xsd/surefire-test-report.xsd" name="application.ShanghaiApplicationTest" time="2.282" tests="1" errors="0" skipped="0" failures="0">
  <properties>
    <property name="sun.desktop" value="windows"/>
    <property name="awt.toolkit" value="sun.awt.windows.WToolkit"/>
    <property name="java.specification.version" value="11"/>
    <property name="sun.cpu.isalist" value="amd64"/>
    <property name="sun.jnu.encoding" value="Cp1250"/>
    <property name="java.class.path" value="C:\Users\DEJAN.TP\Documents\NetBeansProjects\mooc-java-programming-ii\part14-Part14_01.Shanghai\target\test-classes;C:\Users\DEJAN.TP\Documents\NetBeansProjects\mooc-java-programming-ii\part14-Part14_01.Shanghai\target\classes;C:\Users\DEJAN.TP\.m2\repository\junit\junit\4.12\junit-4.12.jar;C:\Users\DEJAN.TP\.m2\repository\org\hamcrest\hamcrest-core\1.3\hamcrest-core-1.3.jar;C:\Users\DEJAN.TP\.m2\repository\fi\helsinki\cs\tmc\edu-test-utils\0.4.2\edu-test-utils-0.4.2.jar;C:\Users\DEJAN.TP\.m2\repository\org\testfx\testfx-junit\4.0.15-alpha\testfx-junit-4.0.15-alpha.jar;C:\Users\DEJAN.TP\.m2\repository\org\testfx\testfx-core\4.0.15-alpha\testfx-core-4.0.15-alpha.jar;C:\Users\DEJAN.TP\.m2\repository\org\assertj\assertj-core\3.11.1\assertj-core-3.11.1.jar;C:\Users\DEJAN.TP\.m2\repository\org\testfx\openjfx-monocle\jdk-11+26\openjfx-monocle-jdk-11+26.jar;C:\Users\DEJAN.TP\.m2\repository\org\openjfx\javafx-base\11-ea+25\javafx-base-11-ea+25-win.jar;C:\Users\DEJAN.TP\.m2\repository\org\openjfx\javafx-controls\11-ea+25\javafx-controls-11-ea+25-win.jar;C:\Users\DEJAN.TP\.m2\repository\org\openjfx\javafx-graphics\11-ea+25\javafx-graphics-11-ea+25-win.jar;C:\Users\DEJAN.TP\.m2\repository\org\openjfx\javafx-base\11.0.2\javafx-base-11.0.2.jar;C:\Users\DEJAN.TP\.m2\repository\org\openjfx\javafx-controls\11.0.2\javafx-controls-11.0.2.jar;C:\Users\DEJAN.TP\.m2\repository\org\openjfx\javafx-graphics\11.0.2\javafx-graphics-11.0.2.jar;"/>
    <property name="java.vm.vendor" value="Eclipse Adoptium"/>
    <property name="sun.arch.data.model" value="64"/>
    <property name="user.variant" value=""/>
    <property name="java.vendor.url" value="https://adoptium.net/"/>
    <property name="user.timezone" value="Europe/Prague"/>
    <property name="user.country.format" value="RS"/>
    <property name="java.vm.specification.version" value="11"/>
    <property name="os.name" value="Windows 10"/>
    <property name="sun.java.launcher" value="SUN_STANDARD"/>
    <property name="user.country" value="US"/>
    <property name="sun.boot.library.path" value="C:\Program Files\Eclipse Adoptium\jdk-11.0.17.8-hotspot\bin"/>
    <property name="sun.java.command" value="C:\Users\DEJAN.TP\AppData\Local\Temp\surefire7075220891765113437\surefirebooter17418776798396771471.jar C:\Users\DEJAN.TP\AppData\Local\Temp\surefire7075220891765113437 2023-02-04T17-24-03_612-jvmRun1 surefire6570122397323334688tmp surefire_015749750960184157481tmp"/>
    <property name="jdk.debug" value="release"/>
    <property name="surefire.test.class.path" value="C:\Users\DEJAN.TP\Documents\NetBeansProjects\mooc-java-programming-ii\part14-Part14_01.Shanghai\target\test-classes;C:\Users\DEJAN.TP\Documents\NetBeansProjects\mooc-java-programming-ii\part14-Part14_01.Shanghai\target\classes;C:\Users\DEJAN.TP\.m2\repository\junit\junit\4.12\junit-4.12.jar;C:\Users\DEJAN.TP\.m2\repository\org\hamcrest\hamcrest-core\1.3\hamcrest-core-1.3.jar;C:\Users\DEJAN.TP\.m2\repository\fi\helsinki\cs\tmc\edu-test-utils\0.4.2\edu-test-utils-0.4.2.jar;C:\Users\DEJAN.TP\.m2\repository\org\testfx\testfx-junit\4.0.15-alpha\testfx-junit-4.0.15-alpha.jar;C:\Users\DEJAN.TP\.m2\repository\org\testfx\testfx-core\4.0.15-alpha\testfx-core-4.0.15-alpha.jar;C:\Users\DEJAN.TP\.m2\repository\org\assertj\assertj-core\3.11.1\assertj-core-3.11.1.jar;C:\Users\DEJAN.TP\.m2\repository\org\testfx\openjfx-monocle\jdk-11+26\openjfx-monocle-jdk-11+26.jar;C:\Users\DEJAN.TP\.m2\repository\org\openjfx\javafx-base\11-ea+25\javafx-base-11-ea+25-win.jar;C:\Users\DEJAN.TP\.m2\repository\org\openjfx\javafx-controls\11-ea+25\javafx-controls-11-ea+25-win.jar;C:\Users\DEJAN.TP\.m2\repository\org\openjfx\javafx-graphics\11-ea+25\javafx-graphics-11-ea+25-win.jar;C:\Users\DEJAN.TP\.m2\repository\org\openjfx\javafx-base\11.0.2\javafx-base-11.0.2.jar;C:\Users\DEJAN.TP\.m2\repository\org\openjfx\javafx-controls\11.0.2\javafx-controls-11.0.2.jar;C:\Users\DEJAN.TP\.m2\repository\org\openjfx\javafx-graphics\11.0.2\javafx-graphics-11.0.2.jar;"/>
    <property name="sun.cpu.endian" value="little"/>
    <property name="user.home" value="C:\Users\DEJAN.TP"/>
    <property name="user.language" value="en"/>
    <property name="java.specification.vendor" value="Oracle Corporation"/>
    <property name="java.version.date" value="2022-10-18"/>
    <property name="java.home" value="C:\Program Files\Eclipse Adoptium\jdk-11.0.17.8-hotspot"/>
    <property name="file.separator" value="\"/>
    <property name="basedir" value="C:\Users\DEJAN.TP\Documents\NetBeansProjects\mooc-java-programming-ii\part14-Part14_01.Shanghai"/>
    <property name="java.vm.compressedOopsMode" value="32-bit"/>
    <property name="line.separator" value="&#10;"/>
    <property name="java.specification.name" value="Java Platform API Specification"/>
    <property name="java.vm.specification.vendor" value="Oracle Corporation"/>
    <property name="java.awt.graphicsenv" value="sun.awt.Win32GraphicsEnvironment"/>
    <property name="surefire.real.class.path" value="C:\Users\DEJAN.TP\AppData\Local\Temp\surefire7075220891765113437\surefirebooter17418776798396771471.jar"/>
    <property name="jdk.net.URLClassPath.disableClassPathURLCheck" value="true"/>
    <property name="user.script" value=""/>
    <property name="user.script.format" value="Latn"/>
    <property name="sun.management.compiler" value="HotSpot 64-Bit Tiered Compilers"/>
    <property name="java.runtime.version" value="11.0.17+8"/>
    <property name="user.name" value="DEJAN"/>
    <property name="path.separator" value=";"/>
    <property name="os.version" value="10.0"/>
    <property name="java.runtime.name" value="OpenJDK Runtime Environment"/>
    <property name="file.encoding" value="UTF-8"/>
    <property name="java.vm.name" value="OpenJDK 64-Bit Server VM"/>
    <property name="java.vendor.version" value="Temurin-11.0.17+8"/>
    <property name="localRepository" value="C:\Users\DEJAN.TP\.m2\repository"/>
    <property name="java.vendor.url.bug" value="https://github.com/adoptium/adoptium-support/issues"/>
    <property name="java.io.tmpdir" value="C:\Users\DEJAN.TP\AppData\Local\Temp\"/>
    <property name="java.version" value="11.0.17"/>
    <property name="user.dir" value="C:\Users\DEJAN.TP\Documents\NetBeansProjects\mooc-java-programming-ii\part14-Part14_01.Shanghai"/>
    <property name="os.arch" value="amd64"/>
    <property name="java.vm.specification.name" value="Java Virtual Machine Specification"/>
    <property name="java.awt.printerjob" value="sun.awt.windows.WPrinterJob"/>
    <property name="user.language.format" value="sr"/>
    <property name="sun.os.patch.level" value=""/>
    <property name="java.library.path" value="C:\Program Files\Eclipse Adoptium\jdk-11.0.17.8-hotspot\bin;C:\Windows\Sun\Java\bin;C:\Windows\system32;C:\Windows;C:\Program Files\Eclipse Adoptium\jdk-11.0.17.8-hotspot\bin;C:\Program Files (x86)\Common Files\Oracle\Java\javapath;C:\Windows\system32;C:\Windows;C:\Windows\System32\Wbem;C:\Windows\System32\WindowsPowerShell\v1.0\;C:\Windows\System32\OpenSSH\;C:\Program Files (x86)\Microsoft SQL Server\150\DTS\Binn\;C:\Program Files\Azure Data Studio\bin;C:\Program Files\nodejs\;C:\Program Files\Git\cmd;C:\Program Files\TMCBeans\java\maven\bin;C:\Program Files\Eclipse Adoptium\jdk-11.0.17.8-hotspot\\bin;.;C:\Users\DEJAN.TP\AppData\Local\Programs\Microsoft VS Code\bin;;."/>
    <property name="java.vm.info" value="mixed mode"/>
    <property name="java.vendor" value="Eclipse Adoptium"/>
    <property name="java.vm.version" value="11.0.17+8"/>
    <property name="sun.io.unicode.encoding" value="UnicodeLittle"/>
    <property name="java.class.version" value="55.0"/>
  </properties>
  <testcase name="chartTest" classname="application.ShanghaiApplicationTest" time="2.094"/>
</testsuite>